2021-12-22 23:56:25,698:INFO:Initializing predict_model()
2021-12-22 23:56:25,699:INFO:predict_model(estimator=ExtraTreesRegressor(n_jobs=-1, random_state=222), probability_threshold=None, encoded_labels=True, raw_score=False, round=4, verbose=True, ml_usecase=MLUsecase.REGRESSION, display=None)
2021-12-22 23:56:25,700:INFO:Checking exceptions
2021-12-22 23:56:25,700:INFO:Preloading libraries
2021-12-22 23:56:25,701:ERROR:Pipeline not found. Exception:
2021-12-22 23:56:25,708:ERROR:Traceback (most recent call last):
  File "/home/renato/Documents/CESAR/Desafio/code/cesar/lib/python3.8/site-packages/pycaret/internal/tabular.py", line 8717, in predict_model
    dtypes = prep_pipe.named_steps["dtypes"]
NameError: name 'prep_pipe' is not defined

2021-12-22 23:57:44,898:INFO:Initializing load_model()
2021-12-22 23:57:44,898:INFO:load_model(model_name=ExtraTreesRegressor(n_jobs=-1, random_state=222), platform=None, authentication=None, verbose=True)
2021-12-22 23:59:40,521:INFO:Initializing load_model()
2021-12-22 23:59:40,522:INFO:load_model(model_name=ExtraTreesRegressor(n_jobs=-1, random_state=222), platform=None, authentication=None, verbose=True)
2021-12-23 00:03:20,572:INFO:Initializing load_model()
2021-12-23 00:03:20,572:INFO:load_model(model_name=/code/models/nxt_day_temp_prediction_et_22_12_2021_baseline.pkl, platform=None, authentication=None, verbose=True)
2021-12-23 00:03:55,226:INFO:Initializing load_model()
2021-12-23 00:03:55,226:INFO:load_model(model_name=/code/models/nxt_day_temp_prediction_et_22_12_2021_baseline, platform=None, authentication=None, verbose=True)
2021-12-23 00:04:38,638:INFO:Initializing load_model()
2021-12-23 00:04:38,639:INFO:load_model(model_name=code/models/nxt_day_temp_prediction_et_22_12_2021_baseline, platform=None, authentication=None, verbose=True)
2021-12-23 00:04:41,159:INFO:Initializing predict_model()
2021-12-23 00:04:41,159:INFO:predict_model(estimator=Pipeline(steps=[('dtypes',
                 DataTypes_Auto_infer(features_todrop=['Date'],
                                      ml_usecase='regression',
                                      target='Next_Tmax')),
                ('imputer',
                 Simple_Imputer(categorical_strategy='not_available',
                                fill_value_categorical=None,
                                fill_value_numerical=None,
                                numeric_strategy='mean',
                                target_variable=None)),
                ('new_levels1',
                 New_Catagorical_Levels_in_TestData(replacement_strateg...
                ('binn', 'passthrough'), ('rem_outliers', 'passthrough'),
                ('cluster_all', 'passthrough'),
                ('dummy', Dummify(target='Next_Tmax')),
                ('fix_perfect', Remove_100(target='Next_Tmax')),
                ('clean_names', Clean_Colum_Names()),
                ('feature_select', 'passthrough'), ('fix_multi', 'passthrough'),
                ('dfs', 'passthrough'), ('pca', 'passthrough'),
                ['trained_model',
                 ExtraTreesRegressor(n_jobs=-1, random_state=222)]]), probability_threshold=None, encoded_labels=True, raw_score=False, round=4, verbose=True, ml_usecase=MLUsecase.REGRESSION, display=None)
2021-12-23 00:04:41,159:INFO:Checking exceptions
2021-12-23 00:04:41,159:INFO:Preloading libraries
2021-12-23 00:05:29,678:INFO:Initializing load_model()
2021-12-23 00:05:29,679:INFO:load_model(model_name=code/models/nxt_day_temp_prediction_et_22_12_2021_baseline, platform=None, authentication=None, verbose=True)
2021-12-23 00:05:30,996:INFO:Initializing predict_model()
2021-12-23 00:05:30,996:INFO:predict_model(estimator=Pipeline(steps=[('dtypes',
                 DataTypes_Auto_infer(features_todrop=['Date'],
                                      ml_usecase='regression',
                                      target='Next_Tmax')),
                ('imputer',
                 Simple_Imputer(categorical_strategy='not_available',
                                fill_value_categorical=None,
                                fill_value_numerical=None,
                                numeric_strategy='mean',
                                target_variable=None)),
                ('new_levels1',
                 New_Catagorical_Levels_in_TestData(replacement_strateg...
                ('binn', 'passthrough'), ('rem_outliers', 'passthrough'),
                ('cluster_all', 'passthrough'),
                ('dummy', Dummify(target='Next_Tmax')),
                ('fix_perfect', Remove_100(target='Next_Tmax')),
                ('clean_names', Clean_Colum_Names()),
                ('feature_select', 'passthrough'), ('fix_multi', 'passthrough'),
                ('dfs', 'passthrough'), ('pca', 'passthrough'),
                ['trained_model',
                 ExtraTreesRegressor(n_jobs=-1, random_state=222)]]), probability_threshold=None, encoded_labels=True, raw_score=False, round=4, verbose=True, ml_usecase=MLUsecase.REGRESSION, display=None)
2021-12-23 00:05:30,996:INFO:Checking exceptions
2021-12-23 00:05:30,996:INFO:Preloading libraries
2021-12-23 00:06:09,551:INFO:Initializing load_model()
2021-12-23 00:06:09,551:INFO:load_model(model_name=code/models/nxt_day_temp_prediction_et_22_12_2021_baseline, platform=None, authentication=None, verbose=True)
2021-12-23 00:06:10,473:INFO:Initializing predict_model()
2021-12-23 00:06:10,473:INFO:predict_model(estimator=Pipeline(steps=[('dtypes',
                 DataTypes_Auto_infer(features_todrop=['Date'],
                                      ml_usecase='regression',
                                      target='Next_Tmax')),
                ('imputer',
                 Simple_Imputer(categorical_strategy='not_available',
                                fill_value_categorical=None,
                                fill_value_numerical=None,
                                numeric_strategy='mean',
                                target_variable=None)),
                ('new_levels1',
                 New_Catagorical_Levels_in_TestData(replacement_strateg...
                ('binn', 'passthrough'), ('rem_outliers', 'passthrough'),
                ('cluster_all', 'passthrough'),
                ('dummy', Dummify(target='Next_Tmax')),
                ('fix_perfect', Remove_100(target='Next_Tmax')),
                ('clean_names', Clean_Colum_Names()),
                ('feature_select', 'passthrough'), ('fix_multi', 'passthrough'),
                ('dfs', 'passthrough'), ('pca', 'passthrough'),
                ['trained_model',
                 ExtraTreesRegressor(n_jobs=-1, random_state=222)]]), probability_threshold=None, encoded_labels=True, raw_score=False, round=4, verbose=True, ml_usecase=MLUsecase.REGRESSION, display=None)
2021-12-23 00:06:10,473:INFO:Checking exceptions
2021-12-23 00:06:10,473:INFO:Preloading libraries
2021-12-23 00:10:41,624:INFO:Initializing load_model()
2021-12-23 00:10:41,625:INFO:load_model(model_name=code/models/nxt_day_temp_prediction_et_22_12_2021_baseline, platform=None, authentication=None, verbose=True)
2021-12-23 00:10:41,991:INFO:Initializing predict_model()
2021-12-23 00:10:41,991:INFO:predict_model(estimator=Pipeline(steps=[('dtypes',
                 DataTypes_Auto_infer(features_todrop=['Date'],
                                      ml_usecase='regression',
                                      target='Next_Tmax')),
                ('imputer',
                 Simple_Imputer(categorical_strategy='not_available',
                                fill_value_categorical=None,
                                fill_value_numerical=None,
                                numeric_strategy='mean',
                                target_variable=None)),
                ('new_levels1',
                 New_Catagorical_Levels_in_TestData(replacement_strateg...
                ('binn', 'passthrough'), ('rem_outliers', 'passthrough'),
                ('cluster_all', 'passthrough'),
                ('dummy', Dummify(target='Next_Tmax')),
                ('fix_perfect', Remove_100(target='Next_Tmax')),
                ('clean_names', Clean_Colum_Names()),
                ('feature_select', 'passthrough'), ('fix_multi', 'passthrough'),
                ('dfs', 'passthrough'), ('pca', 'passthrough'),
                ['trained_model',
                 ExtraTreesRegressor(n_jobs=-1, random_state=222)]]), probability_threshold=None, encoded_labels=True, raw_score=False, round=4, verbose=True, ml_usecase=MLUsecase.REGRESSION, display=None)
2021-12-23 00:10:41,991:INFO:Checking exceptions
2021-12-23 00:10:41,991:INFO:Preloading libraries
2021-12-23 00:13:38,359:INFO:Initializing load_model()
2021-12-23 00:13:38,359:INFO:load_model(model_name=code/models/nxt_day_temp_prediction_et_22_12_2021_baseline, platform=None, authentication=None, verbose=True)
2021-12-23 00:13:38,676:INFO:Initializing predict_model()
2021-12-23 00:13:38,676:INFO:predict_model(estimator=Pipeline(steps=[('dtypes',
                 DataTypes_Auto_infer(features_todrop=['Date'],
                                      ml_usecase='regression',
                                      target='Next_Tmax')),
                ('imputer',
                 Simple_Imputer(categorical_strategy='not_available',
                                fill_value_categorical=None,
                                fill_value_numerical=None,
                                numeric_strategy='mean',
                                target_variable=None)),
                ('new_levels1',
                 New_Catagorical_Levels_in_TestData(replacement_strateg...
                ('binn', 'passthrough'), ('rem_outliers', 'passthrough'),
                ('cluster_all', 'passthrough'),
                ('dummy', Dummify(target='Next_Tmax')),
                ('fix_perfect', Remove_100(target='Next_Tmax')),
                ('clean_names', Clean_Colum_Names()),
                ('feature_select', 'passthrough'), ('fix_multi', 'passthrough'),
                ('dfs', 'passthrough'), ('pca', 'passthrough'),
                ['trained_model',
                 ExtraTreesRegressor(n_jobs=-1, random_state=222)]]), probability_threshold=None, encoded_labels=True, raw_score=False, round=4, verbose=True, ml_usecase=MLUsecase.REGRESSION, display=None)
2021-12-23 00:13:38,677:INFO:Checking exceptions
2021-12-23 00:13:38,677:INFO:Preloading libraries
2021-12-23 00:18:10,677:INFO:Initializing load_model()
2021-12-23 00:18:10,678:INFO:load_model(model_name=code/models/nxt_day_temp_prediction_et_22_12_2021_baseline, platform=None, authentication=None, verbose=True)
2021-12-23 00:18:10,992:INFO:Initializing predict_model()
2021-12-23 00:18:10,992:INFO:predict_model(estimator=Pipeline(steps=[('dtypes',
                 DataTypes_Auto_infer(features_todrop=['Date'],
                                      ml_usecase='regression',
                                      target='Next_Tmax')),
                ('imputer',
                 Simple_Imputer(categorical_strategy='not_available',
                                fill_value_categorical=None,
                                fill_value_numerical=None,
                                numeric_strategy='mean',
                                target_variable=None)),
                ('new_levels1',
                 New_Catagorical_Levels_in_TestData(replacement_strateg...
                ('binn', 'passthrough'), ('rem_outliers', 'passthrough'),
                ('cluster_all', 'passthrough'),
                ('dummy', Dummify(target='Next_Tmax')),
                ('fix_perfect', Remove_100(target='Next_Tmax')),
                ('clean_names', Clean_Colum_Names()),
                ('feature_select', 'passthrough'), ('fix_multi', 'passthrough'),
                ('dfs', 'passthrough'), ('pca', 'passthrough'),
                ['trained_model',
                 ExtraTreesRegressor(n_jobs=-1, random_state=222)]]), probability_threshold=None, encoded_labels=True, raw_score=False, round=4, verbose=True, ml_usecase=MLUsecase.REGRESSION, display=None)
2021-12-23 00:18:10,993:INFO:Checking exceptions
2021-12-23 00:18:10,993:INFO:Preloading libraries
2021-12-23 00:18:28,064:INFO:Initializing load_model()
2021-12-23 00:18:28,064:INFO:load_model(model_name=code/models/nxt_day_temp_prediction_et_22_12_2021_baseline, platform=None, authentication=None, verbose=True)
2021-12-23 00:18:28,372:INFO:Initializing predict_model()
2021-12-23 00:18:28,372:INFO:predict_model(estimator=Pipeline(steps=[('dtypes',
                 DataTypes_Auto_infer(features_todrop=['Date'],
                                      ml_usecase='regression',
                                      target='Next_Tmax')),
                ('imputer',
                 Simple_Imputer(categorical_strategy='not_available',
                                fill_value_categorical=None,
                                fill_value_numerical=None,
                                numeric_strategy='mean',
                                target_variable=None)),
                ('new_levels1',
                 New_Catagorical_Levels_in_TestData(replacement_strateg...
                ('binn', 'passthrough'), ('rem_outliers', 'passthrough'),
                ('cluster_all', 'passthrough'),
                ('dummy', Dummify(target='Next_Tmax')),
                ('fix_perfect', Remove_100(target='Next_Tmax')),
                ('clean_names', Clean_Colum_Names()),
                ('feature_select', 'passthrough'), ('fix_multi', 'passthrough'),
                ('dfs', 'passthrough'), ('pca', 'passthrough'),
                ['trained_model',
                 ExtraTreesRegressor(n_jobs=-1, random_state=222)]]), probability_threshold=None, encoded_labels=True, raw_score=False, round=4, verbose=True, ml_usecase=MLUsecase.REGRESSION, display=None)
2021-12-23 00:18:28,373:INFO:Checking exceptions
2021-12-23 00:18:28,373:INFO:Preloading libraries
