2021-12-19 21:05:21,295:INFO:PyCaret Supervised Module
2021-12-19 21:05:21,296:INFO:ML Usecase: classification
2021-12-19 21:05:21,296:INFO:version 2.3.5
2021-12-19 21:05:21,296:INFO:Initializing setup()
2021-12-19 21:05:21,296:INFO:setup(target=Next_Tmax, ml_usecase=classification, available_plots={'parameter': 'Hyperparameters', 'auc': 'AUC', 'confusion_matrix': 'Confusion Matrix', 'threshold': 'Threshold', 'pr': 'Precision Recall', 'error': 'Prediction Error', 'class_report': 'Class Report', 'rfe': 'Feature Selection', 'learning': 'Learning Curve', 'manifold': 'Manifold Learning', 'calibration': 'Calibration Curve', 'vc': 'Validation Curve', 'dimension': 'Dimensions', 'feature': 'Feature Importance', 'feature_all': 'Feature Importance (All)', 'boundary': 'Decision Boundary', 'lift': 'Lift Chart', 'gain': 'Gain Chart', 'tree': 'Decision Tree', 'ks': 'KS Statistic Plot'}, train_size=0.7, test_data=None, preprocess=True, imputation_type=simple, iterative_imputation_iters=5, categorical_features=None, categorical_imputation=constant, categorical_iterative_imputer=lightgbm, ordinal_features=None, high_cardinality_features=None, high_cardinality_method=frequency, numeric_features=None, numeric_imputation=mean, numeric_iterative_imputer=lightgbm, date_features=None, ignore_features=None, normalize=False, normalize_method=zscore, transformation=False, transformation_method=yeo-johnson, handle_unknown_categorical=True, unknown_categorical_method=least_frequent, pca=False, pca_method=linear, pca_components=None, ignore_low_variance=False, combine_rare_levels=False, rare_level_threshold=0.1, bin_numeric_features=None, remove_outliers=False, outliers_threshold=0.05, remove_multicollinearity=False, multicollinearity_threshold=0.9, remove_perfect_collinearity=True, create_clusters=False, cluster_iter=20, polynomial_features=False, polynomial_degree=2, trigonometry_features=False, polynomial_threshold=0.1, group_features=None, group_names=None, feature_selection=False, feature_selection_threshold=0.8, feature_selection_method=classic, feature_interaction=False, feature_ratio=False, interaction_threshold=0.01, fix_imbalance=False, fix_imbalance_method=None, transform_target=False, transform_target_method=box-cox, data_split_shuffle=True, data_split_stratify=False, fold_strategy=stratifiedkfold, fold=10, fold_shuffle=False, fold_groups=None, n_jobs=-1, use_gpu=False, custom_pipeline=None, html=True, session_id=None, log_experiment=False, experiment_name=None, log_plots=False, log_profile=False, log_data=False, silent=False, verbose=True, profile=False, profile_kwargs=None, display=None)
2021-12-19 21:05:21,296:INFO:Checking environment
2021-12-19 21:05:21,297:INFO:python_version: 3.8.10
2021-12-19 21:05:21,297:INFO:python_build: ('default', 'Nov 26 2021 20:14:08')
2021-12-19 21:05:21,297:INFO:machine: x86_64
2021-12-19 21:05:21,297:INFO:platform: Linux-5.11.0-43-generic-x86_64-with-glibc2.29
2021-12-19 21:05:21,298:WARNING:cannot find psutil installation. memory not traceable. Install psutil using pip to enable memory logging.
2021-12-19 21:05:21,298:INFO:Checking libraries
2021-12-19 21:05:21,298:INFO:pd==1.3.5
2021-12-19 21:05:21,298:INFO:numpy==1.21.4
2021-12-19 21:05:21,298:INFO:sklearn==1.0.1
2021-12-19 22:07:28,029:INFO:PyCaret Supervised Module
2021-12-19 22:07:28,032:INFO:ML Usecase: classification
2021-12-19 22:07:28,032:INFO:version 2.3.5
2021-12-19 22:07:28,032:INFO:Initializing setup()
2021-12-19 22:07:28,032:INFO:setup(target=Next_Tmax, ml_usecase=classification, available_plots={'parameter': 'Hyperparameters', 'auc': 'AUC', 'confusion_matrix': 'Confusion Matrix', 'threshold': 'Threshold', 'pr': 'Precision Recall', 'error': 'Prediction Error', 'class_report': 'Class Report', 'rfe': 'Feature Selection', 'learning': 'Learning Curve', 'manifold': 'Manifold Learning', 'calibration': 'Calibration Curve', 'vc': 'Validation Curve', 'dimension': 'Dimensions', 'feature': 'Feature Importance', 'feature_all': 'Feature Importance (All)', 'boundary': 'Decision Boundary', 'lift': 'Lift Chart', 'gain': 'Gain Chart', 'tree': 'Decision Tree', 'ks': 'KS Statistic Plot'}, train_size=0.7, test_data=None, preprocess=True, imputation_type=simple, iterative_imputation_iters=5, categorical_features=None, categorical_imputation=constant, categorical_iterative_imputer=lightgbm, ordinal_features=None, high_cardinality_features=None, high_cardinality_method=frequency, numeric_features=None, numeric_imputation=mean, numeric_iterative_imputer=lightgbm, date_features=None, ignore_features=None, normalize=False, normalize_method=zscore, transformation=False, transformation_method=yeo-johnson, handle_unknown_categorical=True, unknown_categorical_method=least_frequent, pca=False, pca_method=linear, pca_components=None, ignore_low_variance=False, combine_rare_levels=False, rare_level_threshold=0.1, bin_numeric_features=None, remove_outliers=False, outliers_threshold=0.05, remove_multicollinearity=False, multicollinearity_threshold=0.9, remove_perfect_collinearity=True, create_clusters=False, cluster_iter=20, polynomial_features=False, polynomial_degree=2, trigonometry_features=False, polynomial_threshold=0.1, group_features=None, group_names=None, feature_selection=False, feature_selection_threshold=0.8, feature_selection_method=classic, feature_interaction=False, feature_ratio=False, interaction_threshold=0.01, fix_imbalance=False, fix_imbalance_method=None, transform_target=False, transform_target_method=box-cox, data_split_shuffle=True, data_split_stratify=False, fold_strategy=stratifiedkfold, fold=10, fold_shuffle=False, fold_groups=None, n_jobs=-1, use_gpu=False, custom_pipeline=None, html=True, session_id=None, log_experiment=False, experiment_name=None, log_plots=False, log_profile=False, log_data=False, silent=False, verbose=True, profile=False, profile_kwargs=None, display=None)
2021-12-19 22:07:28,033:INFO:Checking environment
2021-12-19 22:07:28,033:INFO:python_version: 3.8.10
2021-12-19 22:07:28,033:INFO:python_build: ('default', 'Nov 26 2021 20:14:08')
2021-12-19 22:07:28,033:INFO:machine: x86_64
2021-12-19 22:07:28,033:INFO:platform: Linux-5.11.0-43-generic-x86_64-with-glibc2.29
2021-12-19 22:07:28,034:WARNING:cannot find psutil installation. memory not traceable. Install psutil using pip to enable memory logging.
2021-12-19 22:07:28,034:INFO:Checking libraries
2021-12-19 22:07:28,034:INFO:pd==1.3.5
2021-12-19 22:07:28,034:INFO:numpy==1.21.4
2021-12-19 22:07:28,034:INFO:sklearn==1.0.1
2021-12-20 00:06:02,696:INFO:PyCaret Supervised Module
2021-12-20 00:06:02,698:INFO:ML Usecase: classification
2021-12-20 00:06:02,698:INFO:version 2.3.5
2021-12-20 00:06:02,698:INFO:Initializing setup()
2021-12-20 00:06:02,699:INFO:setup(target=Next_Tmax, ml_usecase=classification, available_plots={'parameter': 'Hyperparameters', 'auc': 'AUC', 'confusion_matrix': 'Confusion Matrix', 'threshold': 'Threshold', 'pr': 'Precision Recall', 'error': 'Prediction Error', 'class_report': 'Class Report', 'rfe': 'Feature Selection', 'learning': 'Learning Curve', 'manifold': 'Manifold Learning', 'calibration': 'Calibration Curve', 'vc': 'Validation Curve', 'dimension': 'Dimensions', 'feature': 'Feature Importance', 'feature_all': 'Feature Importance (All)', 'boundary': 'Decision Boundary', 'lift': 'Lift Chart', 'gain': 'Gain Chart', 'tree': 'Decision Tree', 'ks': 'KS Statistic Plot'}, train_size=0.7, test_data=None, preprocess=True, imputation_type=simple, iterative_imputation_iters=5, categorical_features=None, categorical_imputation=constant, categorical_iterative_imputer=lightgbm, ordinal_features=None, high_cardinality_features=None, high_cardinality_method=frequency, numeric_features=None, numeric_imputation=mean, numeric_iterative_imputer=lightgbm, date_features=None, ignore_features=None, normalize=False, normalize_method=zscore, transformation=False, transformation_method=yeo-johnson, handle_unknown_categorical=True, unknown_categorical_method=least_frequent, pca=False, pca_method=linear, pca_components=None, ignore_low_variance=False, combine_rare_levels=False, rare_level_threshold=0.1, bin_numeric_features=None, remove_outliers=False, outliers_threshold=0.05, remove_multicollinearity=False, multicollinearity_threshold=0.9, remove_perfect_collinearity=True, create_clusters=False, cluster_iter=20, polynomial_features=False, polynomial_degree=2, trigonometry_features=False, polynomial_threshold=0.1, group_features=None, group_names=None, feature_selection=False, feature_selection_threshold=0.8, feature_selection_method=classic, feature_interaction=False, feature_ratio=False, interaction_threshold=0.01, fix_imbalance=False, fix_imbalance_method=None, transform_target=False, transform_target_method=box-cox, data_split_shuffle=True, data_split_stratify=False, fold_strategy=stratifiedkfold, fold=10, fold_shuffle=False, fold_groups=None, n_jobs=-1, use_gpu=False, custom_pipeline=None, html=True, session_id=None, log_experiment=False, experiment_name=None, log_plots=False, log_profile=False, log_data=False, silent=False, verbose=True, profile=False, profile_kwargs=None, display=None)
2021-12-20 00:06:02,699:INFO:Checking environment
2021-12-20 00:06:02,699:INFO:python_version: 3.8.10
2021-12-20 00:06:02,699:INFO:python_build: ('default', 'Nov 26 2021 20:14:08')
2021-12-20 00:06:02,699:INFO:machine: x86_64
2021-12-20 00:06:02,699:INFO:platform: Linux-5.11.0-43-generic-x86_64-with-glibc2.29
2021-12-20 00:06:02,699:WARNING:cannot find psutil installation. memory not traceable. Install psutil using pip to enable memory logging.
2021-12-20 00:06:02,699:INFO:Checking libraries
2021-12-20 00:06:02,699:INFO:pd==1.3.5
2021-12-20 00:06:02,699:INFO:numpy==1.21.4
2021-12-20 00:06:02,699:INFO:sklearn==1.0.1
2021-12-20 00:06:17,606:INFO:PyCaret Supervised Module
2021-12-20 00:06:17,626:INFO:ML Usecase: classification
2021-12-20 00:06:17,626:INFO:version 2.3.5
2021-12-20 00:06:17,626:INFO:Initializing setup()
2021-12-20 00:06:17,626:INFO:setup(target=Next_Tmax, ml_usecase=classification, available_plots={'parameter': 'Hyperparameters', 'auc': 'AUC', 'confusion_matrix': 'Confusion Matrix', 'threshold': 'Threshold', 'pr': 'Precision Recall', 'error': 'Prediction Error', 'class_report': 'Class Report', 'rfe': 'Feature Selection', 'learning': 'Learning Curve', 'manifold': 'Manifold Learning', 'calibration': 'Calibration Curve', 'vc': 'Validation Curve', 'dimension': 'Dimensions', 'feature': 'Feature Importance', 'feature_all': 'Feature Importance (All)', 'boundary': 'Decision Boundary', 'lift': 'Lift Chart', 'gain': 'Gain Chart', 'tree': 'Decision Tree', 'ks': 'KS Statistic Plot'}, train_size=0.7, test_data=None, preprocess=True, imputation_type=simple, iterative_imputation_iters=5, categorical_features=None, categorical_imputation=constant, categorical_iterative_imputer=lightgbm, ordinal_features=None, high_cardinality_features=None, high_cardinality_method=frequency, numeric_features=None, numeric_imputation=mean, numeric_iterative_imputer=lightgbm, date_features=None, ignore_features=None, normalize=False, normalize_method=zscore, transformation=False, transformation_method=yeo-johnson, handle_unknown_categorical=True, unknown_categorical_method=least_frequent, pca=False, pca_method=linear, pca_components=None, ignore_low_variance=False, combine_rare_levels=False, rare_level_threshold=0.1, bin_numeric_features=None, remove_outliers=False, outliers_threshold=0.05, remove_multicollinearity=False, multicollinearity_threshold=0.9, remove_perfect_collinearity=True, create_clusters=False, cluster_iter=20, polynomial_features=False, polynomial_degree=2, trigonometry_features=False, polynomial_threshold=0.1, group_features=None, group_names=None, feature_selection=False, feature_selection_threshold=0.8, feature_selection_method=classic, feature_interaction=False, feature_ratio=False, interaction_threshold=0.01, fix_imbalance=False, fix_imbalance_method=None, transform_target=False, transform_target_method=box-cox, data_split_shuffle=True, data_split_stratify=False, fold_strategy=stratifiedkfold, fold=10, fold_shuffle=False, fold_groups=None, n_jobs=-1, use_gpu=False, custom_pipeline=None, html=True, session_id=None, log_experiment=False, experiment_name=None, log_plots=False, log_profile=False, log_data=False, silent=False, verbose=True, profile=False, profile_kwargs=None, display=None)
2021-12-20 00:06:17,626:INFO:Checking environment
2021-12-20 00:06:17,626:INFO:python_version: 3.8.10
2021-12-20 00:06:17,626:INFO:python_build: ('default', 'Nov 26 2021 20:14:08')
2021-12-20 00:06:17,626:INFO:machine: x86_64
2021-12-20 00:06:17,626:INFO:platform: Linux-5.11.0-43-generic-x86_64-with-glibc2.29
2021-12-20 00:06:17,626:WARNING:cannot find psutil installation. memory not traceable. Install psutil using pip to enable memory logging.
2021-12-20 00:06:17,627:INFO:Checking libraries
2021-12-20 00:06:17,627:INFO:pd==1.3.5
2021-12-20 00:06:17,627:INFO:numpy==1.21.4
2021-12-20 00:06:17,627:INFO:sklearn==1.0.1
2021-12-20 00:47:32,853:INFO:PyCaret Supervised Module
2021-12-20 00:47:32,858:INFO:ML Usecase: classification
2021-12-20 00:47:32,858:INFO:version 2.3.5
2021-12-20 00:47:32,858:INFO:Initializing setup()
2021-12-20 00:47:32,858:INFO:setup(target=Next_Tmax, ml_usecase=classification, available_plots={'parameter': 'Hyperparameters', 'auc': 'AUC', 'confusion_matrix': 'Confusion Matrix', 'threshold': 'Threshold', 'pr': 'Precision Recall', 'error': 'Prediction Error', 'class_report': 'Class Report', 'rfe': 'Feature Selection', 'learning': 'Learning Curve', 'manifold': 'Manifold Learning', 'calibration': 'Calibration Curve', 'vc': 'Validation Curve', 'dimension': 'Dimensions', 'feature': 'Feature Importance', 'feature_all': 'Feature Importance (All)', 'boundary': 'Decision Boundary', 'lift': 'Lift Chart', 'gain': 'Gain Chart', 'tree': 'Decision Tree', 'ks': 'KS Statistic Plot'}, train_size=0.7, test_data=None, preprocess=True, imputation_type=simple, iterative_imputation_iters=5, categorical_features=None, categorical_imputation=constant, categorical_iterative_imputer=lightgbm, ordinal_features=None, high_cardinality_features=None, high_cardinality_method=frequency, numeric_features=None, numeric_imputation=mean, numeric_iterative_imputer=lightgbm, date_features=None, ignore_features=None, normalize=False, normalize_method=zscore, transformation=False, transformation_method=yeo-johnson, handle_unknown_categorical=True, unknown_categorical_method=least_frequent, pca=False, pca_method=linear, pca_components=None, ignore_low_variance=False, combine_rare_levels=False, rare_level_threshold=0.1, bin_numeric_features=None, remove_outliers=False, outliers_threshold=0.05, remove_multicollinearity=False, multicollinearity_threshold=0.9, remove_perfect_collinearity=True, create_clusters=False, cluster_iter=20, polynomial_features=False, polynomial_degree=2, trigonometry_features=False, polynomial_threshold=0.1, group_features=None, group_names=None, feature_selection=False, feature_selection_threshold=0.8, feature_selection_method=classic, feature_interaction=False, feature_ratio=False, interaction_threshold=0.01, fix_imbalance=False, fix_imbalance_method=None, transform_target=False, transform_target_method=box-cox, data_split_shuffle=True, data_split_stratify=False, fold_strategy=stratifiedkfold, fold=10, fold_shuffle=False, fold_groups=None, n_jobs=-1, use_gpu=False, custom_pipeline=None, html=True, session_id=None, log_experiment=False, experiment_name=None, log_plots=False, log_profile=False, log_data=False, silent=False, verbose=True, profile=False, profile_kwargs=None, display=None)
2021-12-20 00:47:32,858:INFO:Checking environment
2021-12-20 00:47:32,858:INFO:python_version: 3.8.10
2021-12-20 00:47:32,858:INFO:python_build: ('default', 'Nov 26 2021 20:14:08')
2021-12-20 00:47:32,858:INFO:machine: x86_64
2021-12-20 00:47:32,858:INFO:platform: Linux-5.11.0-43-generic-x86_64-with-glibc2.29
2021-12-20 00:47:32,859:WARNING:cannot find psutil installation. memory not traceable. Install psutil using pip to enable memory logging.
2021-12-20 00:47:32,859:INFO:Checking libraries
2021-12-20 00:47:32,859:INFO:pd==1.3.5
2021-12-20 00:47:32,859:INFO:numpy==1.19.5
2021-12-20 00:47:32,859:INFO:sklearn==0.23.2
2021-12-20 00:47:32,859:INFO:lightgbm==3.3.1
2021-12-20 00:47:32,859:WARNING:catboost not found
2021-12-20 00:47:32,859:WARNING:xgboost not found
2021-12-20 00:47:33,189:INFO:mlflow==1.22.0
2021-12-20 00:47:33,190:INFO:Checking Exceptions
2021-12-20 00:47:33,190:INFO:Declaring global variables
2021-12-20 00:47:33,190:INFO:USI: 0962
2021-12-20 00:47:33,190:INFO:pycaret_globals: {'experiment__', '_all_metrics', 'fix_imbalance_method_param', 'n_jobs_param', 'create_model_container', 'gpu_param', 'imputation_regressor', '_ml_usecase', 'imputation_classifier', '_available_plots', 'transform_target_param', 'USI', 'y', 'logging_param', 'fix_imbalance_param', 'X_train', 'y_test', 'exp_name_log', 'data_before_preprocess', 'fold_param', '_internal_pipeline', 'master_model_container', 'seed', 'stratify_param', 'pycaret_globals', 'prep_pipe', 'transform_target_method_param', 'target_param', 'html_param', 'fold_generator', '_all_models_internal', 'iterative_imputation_iters_param', 'X', 'X_test', '_gpu_n_jobs_param', 'y_train', 'display_container', '_all_models', 'log_plots_param', 'fold_groups_param_full', 'fold_groups_param', 'fold_shuffle_param'}
2021-12-20 00:47:33,190:INFO:Preparing display monitor
2021-12-20 00:47:33,190:INFO:Preparing display monitor
2021-12-20 00:47:33,205:INFO:Importing libraries
2021-12-20 00:47:33,205:INFO:Copying data for preprocessing
2021-12-20 00:47:33,216:INFO:Declaring preprocessing parameters
2021-12-20 00:47:33,220:INFO:Creating preprocessing pipeline
2021-12-20 00:47:33,251:INFO:Preprocessing pipeline created successfully
2021-12-20 00:47:33,252:ERROR:(Process Exit): setup has been interupted with user command 'quit'. setup must rerun.
2021-12-20 00:47:33,252:INFO:Creating global containers
2021-12-20 00:47:33,253:INFO:Internal pipeline: Pipeline(memory=None, steps=[('empty_step', 'passthrough')], verbose=False)
2021-12-20 00:50:54,988:INFO:PyCaret Supervised Module
2021-12-20 00:50:54,989:INFO:ML Usecase: classification
2021-12-20 00:50:54,989:INFO:version 2.3.5
2021-12-20 00:50:54,989:INFO:Initializing setup()
2021-12-20 00:50:54,989:INFO:setup(target=Next_Tmax, ml_usecase=classification, available_plots={'parameter': 'Hyperparameters', 'auc': 'AUC', 'confusion_matrix': 'Confusion Matrix', 'threshold': 'Threshold', 'pr': 'Precision Recall', 'error': 'Prediction Error', 'class_report': 'Class Report', 'rfe': 'Feature Selection', 'learning': 'Learning Curve', 'manifold': 'Manifold Learning', 'calibration': 'Calibration Curve', 'vc': 'Validation Curve', 'dimension': 'Dimensions', 'feature': 'Feature Importance', 'feature_all': 'Feature Importance (All)', 'boundary': 'Decision Boundary', 'lift': 'Lift Chart', 'gain': 'Gain Chart', 'tree': 'Decision Tree', 'ks': 'KS Statistic Plot'}, train_size=0.7, test_data=None, preprocess=True, imputation_type=simple, iterative_imputation_iters=5, categorical_features=None, categorical_imputation=constant, categorical_iterative_imputer=lightgbm, ordinal_features=None, high_cardinality_features=None, high_cardinality_method=frequency, numeric_features=None, numeric_imputation=mean, numeric_iterative_imputer=lightgbm, date_features=None, ignore_features=None, normalize=False, normalize_method=zscore, transformation=False, transformation_method=yeo-johnson, handle_unknown_categorical=True, unknown_categorical_method=least_frequent, pca=False, pca_method=linear, pca_components=None, ignore_low_variance=False, combine_rare_levels=False, rare_level_threshold=0.1, bin_numeric_features=None, remove_outliers=False, outliers_threshold=0.05, remove_multicollinearity=False, multicollinearity_threshold=0.9, remove_perfect_collinearity=True, create_clusters=False, cluster_iter=20, polynomial_features=False, polynomial_degree=2, trigonometry_features=False, polynomial_threshold=0.1, group_features=None, group_names=None, feature_selection=False, feature_selection_threshold=0.8, feature_selection_method=classic, feature_interaction=False, feature_ratio=False, interaction_threshold=0.01, fix_imbalance=False, fix_imbalance_method=None, transform_target=False, transform_target_method=box-cox, data_split_shuffle=True, data_split_stratify=False, fold_strategy=stratifiedkfold, fold=10, fold_shuffle=False, fold_groups=None, n_jobs=-1, use_gpu=False, custom_pipeline=None, html=True, session_id=None, log_experiment=False, experiment_name=None, log_plots=False, log_profile=False, log_data=False, silent=False, verbose=True, profile=False, profile_kwargs=None, display=None)
2021-12-20 00:50:54,989:INFO:Checking environment
2021-12-20 00:50:54,990:INFO:python_version: 3.8.10
2021-12-20 00:50:54,990:INFO:python_build: ('default', 'Nov 26 2021 20:14:08')
2021-12-20 00:50:54,990:INFO:machine: x86_64
2021-12-20 00:50:54,990:INFO:platform: Linux-5.11.0-43-generic-x86_64-with-glibc2.29
2021-12-20 00:50:54,990:WARNING:cannot find psutil installation. memory not traceable. Install psutil using pip to enable memory logging.
2021-12-20 00:50:54,991:INFO:Checking libraries
2021-12-20 00:50:54,991:INFO:pd==1.3.5
2021-12-20 00:50:54,991:INFO:numpy==1.19.5
2021-12-20 00:50:54,991:INFO:sklearn==0.23.2
2021-12-20 00:50:54,991:INFO:lightgbm==3.3.1
2021-12-20 00:50:54,991:WARNING:catboost not found
2021-12-20 00:50:54,992:WARNING:xgboost not found
2021-12-20 00:50:54,992:INFO:mlflow==1.22.0
2021-12-20 00:50:54,992:INFO:Checking Exceptions
2021-12-20 00:50:54,992:INFO:Declaring global variables
2021-12-20 00:50:54,993:INFO:USI: 0cf4
2021-12-20 00:50:54,993:INFO:pycaret_globals: {'experiment__', '_all_metrics', 'fix_imbalance_method_param', 'n_jobs_param', 'create_model_container', 'gpu_param', 'imputation_regressor', '_ml_usecase', 'imputation_classifier', '_available_plots', 'transform_target_param', 'USI', 'y', 'logging_param', 'fix_imbalance_param', 'X_train', 'y_test', 'exp_name_log', 'data_before_preprocess', 'fold_param', '_internal_pipeline', 'master_model_container', 'seed', 'stratify_param', 'pycaret_globals', 'prep_pipe', 'transform_target_method_param', 'target_param', 'html_param', 'fold_generator', '_all_models_internal', 'iterative_imputation_iters_param', 'X', 'X_test', '_gpu_n_jobs_param', 'y_train', 'display_container', '_all_models', 'log_plots_param', 'fold_groups_param_full', 'fold_groups_param', 'fold_shuffle_param'}
2021-12-20 00:50:54,993:INFO:Preparing display monitor
2021-12-20 00:50:54,993:INFO:Preparing display monitor
2021-12-20 00:50:55,009:INFO:Importing libraries
2021-12-20 00:50:55,010:INFO:Copying data for preprocessing
2021-12-20 00:50:55,025:INFO:Declaring preprocessing parameters
2021-12-20 00:50:55,029:INFO:Creating preprocessing pipeline
2021-12-20 00:50:55,074:INFO:Preprocessing pipeline created successfully
2021-12-20 00:50:55,074:ERROR:(Process Exit): setup has been interupted with user command 'quit'. setup must rerun.
2021-12-20 00:50:55,075:INFO:Creating global containers
2021-12-20 00:50:55,075:INFO:Internal pipeline: Pipeline(memory=None, steps=[('empty_step', 'passthrough')], verbose=False)
2021-12-20 00:51:07,016:INFO:PyCaret Supervised Module
2021-12-20 00:51:07,029:INFO:ML Usecase: classification
2021-12-20 00:51:07,030:INFO:version 2.3.5
2021-12-20 00:51:07,030:INFO:Initializing setup()
2021-12-20 00:51:07,030:INFO:setup(target=Next_Tmax, ml_usecase=classification, available_plots={'parameter': 'Hyperparameters', 'auc': 'AUC', 'confusion_matrix': 'Confusion Matrix', 'threshold': 'Threshold', 'pr': 'Precision Recall', 'error': 'Prediction Error', 'class_report': 'Class Report', 'rfe': 'Feature Selection', 'learning': 'Learning Curve', 'manifold': 'Manifold Learning', 'calibration': 'Calibration Curve', 'vc': 'Validation Curve', 'dimension': 'Dimensions', 'feature': 'Feature Importance', 'feature_all': 'Feature Importance (All)', 'boundary': 'Decision Boundary', 'lift': 'Lift Chart', 'gain': 'Gain Chart', 'tree': 'Decision Tree', 'ks': 'KS Statistic Plot'}, train_size=0.7, test_data=None, preprocess=True, imputation_type=simple, iterative_imputation_iters=5, categorical_features=None, categorical_imputation=constant, categorical_iterative_imputer=lightgbm, ordinal_features=None, high_cardinality_features=None, high_cardinality_method=frequency, numeric_features=None, numeric_imputation=mean, numeric_iterative_imputer=lightgbm, date_features=None, ignore_features=None, normalize=False, normalize_method=zscore, transformation=False, transformation_method=yeo-johnson, handle_unknown_categorical=True, unknown_categorical_method=least_frequent, pca=False, pca_method=linear, pca_components=None, ignore_low_variance=False, combine_rare_levels=False, rare_level_threshold=0.1, bin_numeric_features=None, remove_outliers=False, outliers_threshold=0.05, remove_multicollinearity=False, multicollinearity_threshold=0.9, remove_perfect_collinearity=True, create_clusters=False, cluster_iter=20, polynomial_features=False, polynomial_degree=2, trigonometry_features=False, polynomial_threshold=0.1, group_features=None, group_names=None, feature_selection=False, feature_selection_threshold=0.8, feature_selection_method=classic, feature_interaction=False, feature_ratio=False, interaction_threshold=0.01, fix_imbalance=False, fix_imbalance_method=None, transform_target=False, transform_target_method=box-cox, data_split_shuffle=True, data_split_stratify=False, fold_strategy=stratifiedkfold, fold=10, fold_shuffle=False, fold_groups=None, n_jobs=-1, use_gpu=False, custom_pipeline=None, html=True, session_id=None, log_experiment=False, experiment_name=None, log_plots=False, log_profile=False, log_data=False, silent=False, verbose=True, profile=False, profile_kwargs=None, display=None)
2021-12-20 00:51:07,030:INFO:Checking environment
2021-12-20 00:51:07,030:INFO:python_version: 3.8.10
2021-12-20 00:51:07,030:INFO:python_build: ('default', 'Nov 26 2021 20:14:08')
2021-12-20 00:51:07,030:INFO:machine: x86_64
2021-12-20 00:51:07,030:INFO:platform: Linux-5.11.0-43-generic-x86_64-with-glibc2.29
2021-12-20 00:51:07,031:WARNING:cannot find psutil installation. memory not traceable. Install psutil using pip to enable memory logging.
2021-12-20 00:51:07,031:INFO:Checking libraries
2021-12-20 00:51:07,031:INFO:pd==1.3.5
2021-12-20 00:51:07,031:INFO:numpy==1.19.5
2021-12-20 00:51:07,031:INFO:sklearn==0.23.2
2021-12-20 00:51:07,031:INFO:lightgbm==3.3.1
2021-12-20 00:51:07,031:WARNING:catboost not found
2021-12-20 00:51:07,032:WARNING:xgboost not found
2021-12-20 00:51:07,032:INFO:mlflow==1.22.0
2021-12-20 00:51:07,032:INFO:Checking Exceptions
2021-12-20 00:51:07,032:INFO:Declaring global variables
2021-12-20 00:51:07,032:INFO:USI: 3e47
2021-12-20 00:51:07,032:INFO:pycaret_globals: {'experiment__', '_all_metrics', 'fix_imbalance_method_param', 'n_jobs_param', 'create_model_container', 'gpu_param', 'imputation_regressor', '_ml_usecase', 'imputation_classifier', '_available_plots', 'transform_target_param', 'USI', 'y', 'logging_param', 'fix_imbalance_param', 'X_train', 'y_test', 'exp_name_log', 'data_before_preprocess', 'fold_param', '_internal_pipeline', 'master_model_container', 'seed', 'stratify_param', 'pycaret_globals', 'prep_pipe', 'transform_target_method_param', 'target_param', 'html_param', 'fold_generator', '_all_models_internal', 'iterative_imputation_iters_param', 'X', 'X_test', '_gpu_n_jobs_param', 'y_train', 'display_container', '_all_models', 'log_plots_param', 'fold_groups_param_full', 'fold_groups_param', 'fold_shuffle_param'}
2021-12-20 00:51:07,032:INFO:Preparing display monitor
2021-12-20 00:51:07,033:INFO:Preparing display monitor
2021-12-20 00:51:07,072:INFO:Importing libraries
2021-12-20 00:51:07,072:INFO:Copying data for preprocessing
2021-12-20 00:51:07,083:INFO:Declaring preprocessing parameters
2021-12-20 00:51:07,086:INFO:Creating preprocessing pipeline
2021-12-20 00:51:07,113:INFO:Preprocessing pipeline created successfully
2021-12-20 00:51:07,113:ERROR:(Process Exit): setup has been interupted with user command 'quit'. setup must rerun.
2021-12-20 00:51:07,113:INFO:Creating global containers
2021-12-20 00:51:07,114:INFO:Internal pipeline: Pipeline(memory=None, steps=[('empty_step', 'passthrough')], verbose=False)
2021-12-20 00:51:08,914:WARNING:Couldn't import xgboost.XGBClassifier
2021-12-20 00:51:08,914:WARNING:Couldn't import catboost.CatBoostClassifier
2021-12-20 00:51:09,027:WARNING:Couldn't import xgboost.XGBClassifier
2021-12-20 00:51:09,027:WARNING:Couldn't import catboost.CatBoostClassifier
2021-12-20 00:51:09,028:INFO:Creating grid variables
2021-12-20 00:51:09,044:INFO:create_model_container: 0
2021-12-20 00:51:09,044:INFO:master_model_container: 0
2021-12-20 00:51:09,045:INFO:display_container: 1
2021-12-20 00:51:09,051:INFO:Pipeline(memory=None,
         steps=[('dtypes',
                 DataTypes_Auto_infer(categorical_features=[],
                                      display_types=True, features_todrop=[],
                                      id_columns=[],
                                      ml_usecase='classification',
                                      numerical_features=[], target='Next_Tmax',
                                      time_features=[])),
                ('imputer',
                 Simple_Imputer(categorical_strategy='not_available',
                                fill_value_categorical=None,
                                fill_value_numerical=None,
                                numeric_st...
                ('scaling', 'passthrough'), ('P_transform', 'passthrough'),
                ('binn', 'passthrough'), ('rem_outliers', 'passthrough'),
                ('cluster_all', 'passthrough'),
                ('dummy', Dummify(target='Next_Tmax')),
                ('fix_perfect', Remove_100(target='Next_Tmax')),
                ('clean_names', Clean_Colum_Names()),
                ('feature_select', 'passthrough'), ('fix_multi', 'passthrough'),
                ('dfs', 'passthrough'), ('pca', 'passthrough')],
         verbose=False)
2021-12-20 00:51:09,051:INFO:setup() succesfully completed......................................
